<?xml version="1.0" encoding="UTF-8"?>
<robot generator="Rebot 7.4.2 (Python 3.13.14 on win32)" generated="2026-07-08T04:44:11.394472" rpa="false" schemaversion="5">
<suite id="s1" name="Suites">
<suite id="s1-s1" name="Api" source="C:\Users\eduar\robotframework-lab\api">
<suite id="s1-s1-s1" name="06 Api Tests" source="C:\Users\eduar\robotframework-lab\api\06_api_tests.robot">
<test id="s1-s1-s1-t1" name="Obtener Lista De Usuarios" line="10">
<kw name="Create Dictionary" owner="BuiltIn">
<msg time="2026-07-08T04:44:02.239120" level="INFO">&amp;{headers} = { x-api-key=free_user_3GDPRcTBN35d29H0jjuAAP3746c }</msg>
<var>&amp;{headers}</var>
<arg>x-api-key=${API_KEY}</arg>
<doc>Creates and returns a dictionary based on the given ``items``.</doc>
<status status="PASS" start="2026-07-08T04:44:02.238015" elapsed="0.001151"/>
</kw>
<kw name="Create Session" owner="RequestsLibrary">
<msg time="2026-07-08T04:44:02.239937" level="INFO">Creating Session using : alias=reqres, url=https://reqres.in/api, headers={'x-api-key': 'free_user_3GDPRcTBN35d29H0jjuAAP3746c'},                     cookies={}, auth=None, timeout=None, proxies=None, verify=False,                     debug=0 </msg>
<arg>reqres</arg>
<arg>${BASE_URL}</arg>
<arg>headers=${headers}</arg>
<doc>Create Session: create a HTTP session to a server</doc>
<status status="PASS" start="2026-07-08T04:44:02.239651" elapsed="0.000493"/>
</kw>
<kw name="GET On Session" owner="RequestsLibrary">
<msg time="2026-07-08T04:44:02.730539" level="INFO">GET Request : url=https://reqres.in/api/users?page=2 
 path_url=/api/users?page=2 
 headers={'User-Agent': 'python-requests/2.34.2', 'Accept-Encoding': 'gzip, deflate', 'Accept': '*/*', 'Connection': 'keep-alive', 'x-api-key': 'free_user_3GDPRcTBN35d29H0jjuAAP3746c'} 
 body=None 
 </msg>
<msg time="2026-07-08T04:44:02.730675" level="INFO">GET Response : url=https://reqres.in/api/users?page=2 
 status=200, reason=OK 
 headers={'Date': 'Wed, 08 Jul 2026 09:44:02 GMT', 'Content-Type': 'application/json; charset=utf-8', 'Transfer-Encoding': 'chunked', 'Connection': 'keep-alive', 'Access-Control-Allow-Origin': '*', 'Cache-Control': 'public, max-age=14400, s-maxage=60', 'Cdn-Cache-Control': 'max-age=60', 'Cross-Origin-Opener-Policy': 'same-origin', 'Cross-Origin-Resource-Policy': 'same-origin', 'Etag': 'W/"5f6-+6NJQG10Gk4CkQ8jUhrGczGADWk"', 'Nel': '{"report_to":"heroku-nel","response_headers":["Via"],"max_age":3600,"success_fraction":0.01,"failure_fraction":0.1}', 'Origin-Agent-Cluster': '?1', 'Ratelimit-Limit': '20', 'Ratelimit-Policy': '20;w=60', 'Ratelimit-Remaining': '19', 'Ratelimit-Reset': '60', 'Referrer-Policy': 'strict-origin-when-cross-origin', 'Report-To': '{"group":"heroku-nel","endpoints":[{"url":"https://nel.heroku.com/reports?s=Dc5ropUqqjmzkv3MVkICiw9l8qA2XF06ZzElasqE%2Bb0%3D\\u0026sid=c4c9725f-1ab0-44d8-820f-430df2718e11\\u0026ts=1783503354"}],"max_age":3600}', 'Reporting-Endpoints': 'heroku-nel="https://nel.heroku.com/reports?s=Dc5ropUqqjmzkv3MVkICiw9l8qA2XF06ZzElasqE%2Bb0%3D&amp;sid=c4c9725f-1ab0-44d8-820f-430df2718e11&amp;ts=1783503354"', 'Server': 'cloudflare', 'Strict-Transport-Security': 'max-age=31536000; includeSubDomains', 'Via': '1.1 heroku-router', 'X-Content-Type-Options': 'nosniff', 'X-Dns-Prefetch-Control': 'off', 'X-Download-Options': 'noopen', 'X-Frame-Options': 'DENY', 'X-Permitted-Cross-Domain-Policies': 'none', 'X-Powered-By': 'ReqRes.in - Deploy backends in 30 seconds', 'X-Ratelimit-Limit': '250', 'X-Ratelimit-Remaining': '248', 'X-Ratelimit-Reset': '1783555200', 'X-Reqres-Docs': 'https://reqres.in', 'X-Reqres-Message': 'This API is powered by ReqRes. Deploy your own backend in 30 seconds!', 'X-Reqres-Templates': 'https://app.reqres.in/templates', 'X-Reqres-Tip': 'Add real user auth to your app with magic codes - reqres.in/docs', 'X-Reqres-Trial': 'true', 'X-Reqres-Trial-Days-Remaining': '14', 'X-Reqres-Trial-Expires': '2026-07-22T09:32:39.742Z', 'X-Reqres-Upgrade': 'https://app.reqres.in/upgrade', 'X-Request-Id': '1e93a17b-2ead-89c0-81a3-dee37958650b', 'X-Robots-Tag': 'noindex, nofollow', 'X-Xss-Protection': '0', 'Cf-Cache-Status': 'REVALIDATED', 'Content-Encoding': 'gzip', 'CF-RAY': 'a17e25e8bba82af6-MIA'} 
 body={"page":2,"per_page":6,"total":12,"total_pages":2,"data":[{"id":7,"email":"michael.lawson@reqres.in","first_name":"Michael","last_name":"Lawson","avatar":"https://reqres.in/img/faces/7-image.jpg"},{"id":8,"email":"lindsay.ferguson@reqres.in","first_name":"Lindsay","last_name":"Ferguson","avatar":"https://reqres.in/img/faces/8-image.jpg"},{"id":9,"email":"tobias.funke@reqres.in","first_name":"Tobias","last_name":"Funke","avatar":"https://reqres.in/img/faces/9-image.jpg"},{"id":10,"email":"byron.fields@reqres.in","first_name":"Byron","last_name":"Fields","avatar":"https://reqres.in/img/faces/10-image.jpg"},{"id":11,"email":"george.edwards@reqres.in","first_name":"George","last_name":"Edwards","avatar":"https://reqres.in/img/faces/11-image.jpg"},{"id":12,"email":"rachel.howell@reqres.in","first_name":"Rachel","last_name":"Howell","avatar":"https://reqres.in/img/faces/12-image.jpg"}],"support":{"url":"https://benhowdle.im/first-cto-playbook?utm_source=reqres&amp;utm_medium=json&amp;utm_campaign=referral","text":"Become a better CTO. A playbook of painful stories and practical advice from a two-time startup CTO."},"_meta":{"powered_by":"ReqRes","docs_url":"https://app.reqres.in/documentation","upgrade_url":"https://app.reqres.in/upgrade","example_url":"https://app.reqres.in/examples/notes-app","variant":"v1_b","message":"This is a read-only demo endpoint. Sign up to create your own collections with full CRUD and auth.","cta":{"label":"Get started","url":"https://app.reqres.in/upgrade"},"context":"legacy_success"}} 
 </msg>
<msg time="2026-07-08T04:44:02.730747" level="INFO">C:\Users\eduar\robotframework-lab\venv\Lib\site-packages\urllib3\connectionpool.py:1110: InsecureRequestWarning: Unverified HTTPS request is being made to host 'reqres.in'. Adding certificate verification is strongly advised. See: https://urllib3.readthedocs.io/en/latest/advanced-usage.html#tls-warnings
  warnings.warn(</msg>
<msg time="2026-07-08T04:44:02.730886" level="INFO">${response} = &lt;Response [200]&gt;</msg>
<var>${response}</var>
<arg>reqres</arg>
<arg>url=/users?page=2</arg>
<doc>Sends a GET request on a previously created HTTP Session.</doc>
<status status="PASS" start="2026-07-08T04:44:02.240244" elapsed="0.490661"/>
</kw>
<kw name="Status Should Be" owner="RequestsLibrary">
<arg>200</arg>
<arg>${response}</arg>
<doc>Fails if response status code is different than the expected.</doc>
<status status="PASS" start="2026-07-08T04:44:02.731031" elapsed="0.000181"/>
</kw>
<kw name="Get From Dictionary" owner="Collections">
<msg time="2026-07-08T04:44:02.731739" level="INFO">${total} = 12</msg>
<var>${total}</var>
<arg>${response.json()}</arg>
<arg>total</arg>
<doc>Returns a value from the given ``dictionary`` based on the given ``key``.</doc>
<status status="PASS" start="2026-07-08T04:44:02.731309" elapsed="0.000451"/>
</kw>
<kw name="Should Be True" owner="BuiltIn">
<arg>${total} &gt; 0</arg>
<doc>Fails if the given condition is not true.</doc>
<status status="PASS" start="2026-07-08T04:44:02.731832" elapsed="0.000276"/>
</kw>
<status status="PASS" start="2026-07-08T04:44:02.236924" elapsed="0.495273"/>
</test>
<test id="s1-s1-s1-t2" name="Crear Nuevo Usuario" line="18">
<kw name="Create Dictionary" owner="BuiltIn">
<msg time="2026-07-08T04:44:02.732906" level="INFO">&amp;{headers} = { x-api-key=free_user_3GDPRcTBN35d29H0jjuAAP3746c }</msg>
<var>&amp;{headers}</var>
<arg>x-api-key=${API_KEY}</arg>
<doc>Creates and returns a dictionary based on the given ``items``.</doc>
<status status="PASS" start="2026-07-08T04:44:02.732640" elapsed="0.000285"/>
</kw>
<kw name="Create Session" owner="RequestsLibrary">
<msg time="2026-07-08T04:44:02.733114" level="INFO">Creating Session using : alias=reqres, url=https://reqres.in/api, headers={'x-api-key': 'free_user_3GDPRcTBN35d29H0jjuAAP3746c'},                     cookies={}, auth=None, timeout=None, proxies=None, verify=False,                     debug=0 </msg>
<arg>reqres</arg>
<arg>${BASE_URL}</arg>
<arg>headers=${headers}</arg>
<doc>Create Session: create a HTTP session to a server</doc>
<status status="PASS" start="2026-07-08T04:44:02.732989" elapsed="0.000434"/>
</kw>
<kw name="Create Dictionary" owner="BuiltIn">
<msg time="2026-07-08T04:44:02.733743" level="INFO">&amp;{payload} = { name=Carlos | job=QA Engineer }</msg>
<var>&amp;{payload}</var>
<arg>name=Carlos</arg>
<arg>job=QA Engineer</arg>
<doc>Creates and returns a dictionary based on the given ``items``.</doc>
<status status="PASS" start="2026-07-08T04:44:02.733508" elapsed="0.000253"/>
</kw>
<kw name="POST On Session" owner="RequestsLibrary">
<msg time="2026-07-08T04:44:03.193005" level="INFO">POST Request : url=https://reqres.in/api/users 
 path_url=/api/users 
 headers={'User-Agent': 'python-requests/2.34.2', 'Accept-Encoding': 'gzip, deflate', 'Accept': '*/*', 'Connection': 'keep-alive', 'x-api-key': 'free_user_3GDPRcTBN35d29H0jjuAAP3746c', 'Content-Length': '40', 'Content-Type': 'application/json'} 
 body=b'{"name": "Carlos", "job": "QA Engineer"}' 
 </msg>
<msg time="2026-07-08T04:44:03.193113" level="INFO">POST Response : url=https://reqres.in/api/users 
 status=201, reason=Created 
 headers={'Date': 'Wed, 08 Jul 2026 09:44:03 GMT', 'Content-Type': 'application/json; charset=utf-8', 'Content-Length': '494', 'Connection': 'keep-alive', 'Access-Control-Allow-Origin': '*', 'Cache-Control': 'no-store', 'Cross-Origin-Opener-Policy': 'same-origin', 'Cross-Origin-Resource-Policy': 'same-origin', 'Etag': 'W/"1ee-TYGIQVv9/U5bFWW4uJ6G73aKIC8"', 'Nel': '{"report_to":"heroku-nel","response_headers":["Via"],"max_age":3600,"success_fraction":0.01,"failure_fraction":0.1}', 'Origin-Agent-Cluster': '?1', 'Ratelimit-Limit': '20', 'Ratelimit-Policy': '20;w=60', 'Ratelimit-Remaining': '19', 'Ratelimit-Reset': '60', 'Referrer-Policy': 'strict-origin-when-cross-origin', 'Report-To': '{"group":"heroku-nel","endpoints":[{"url":"https://nel.heroku.com/reports?s=Z1B2%2BNS2Zm2y%2B8o81UOd6UpsmZfFu0fzIjMfhMmu25o%3D\\u0026sid=c4c9725f-1ab0-44d8-820f-430df2718e11\\u0026ts=1783503843"}],"max_age":3600}', 'Reporting-Endpoints': 'heroku-nel="https://nel.heroku.com/reports?s=Z1B2%2BNS2Zm2y%2B8o81UOd6UpsmZfFu0fzIjMfhMmu25o%3D&amp;sid=c4c9725f-1ab0-44d8-820f-430df2718e11&amp;ts=1783503843"', 'Server': 'cloudflare', 'Strict-Transport-Security': 'max-age=31536000; includeSubDomains', 'Via': '1.1 heroku-router', 'X-Content-Type-Options': 'nosniff', 'X-Dns-Prefetch-Control': 'off', 'X-Download-Options': 'noopen', 'X-Frame-Options': 'DENY', 'X-Permitted-Cross-Domain-Policies': 'none', 'X-Powered-By': 'ReqRes.in - Deploy backends in 30 seconds', 'X-Ratelimit-Limit': '250', 'X-Ratelimit-Remaining': '244', 'X-Ratelimit-Reset': '1783555200', 'X-Reqres-Docs': 'https://reqres.in', 'X-Reqres-Message': 'This API is powered by ReqRes. Deploy your own backend in 30 seconds!', 'X-Reqres-Templates': 'https://app.reqres.in/templates', 'X-Reqres-Tip': 'Add real user auth to your app with magic codes - reqres.in/docs', 'X-Reqres-Trial': 'true', 'X-Reqres-Trial-Days-Remaining': '14', 'X-Reqres-Trial-Expires': '2026-07-22T09:32:39.742Z', 'X-Reqres-Upgrade': 'https://app.reqres.in/upgrade', 'X-Request-Id': 'a105d17e-9dcd-b684-35d8-8fe9dccbfff3', 'X-Robots-Tag': 'noindex, nofollow', 'X-Xss-Protection': '0', 'Cf-Cache-Status': 'DYNAMIC', 'CF-RAY': 'a17e25ebad8a7c8b-MIA'} 
 body={"name":"Carlos","job":"QA Engineer","id":"726","createdAt":"2026-07-08T09:44:03.303Z","_meta":{"powered_by":"ReqRes","docs_url":"https://app.reqres.in/documentation","upgrade_url":"https://app.reqres.in/upgrade","example_url":"https://app.reqres.in/examples/notes-app","variant":"v1_b","message":"This is a read-only demo endpoint. Sign up to create your own collections with full CRUD and auth.","cta":{"label":"Get started","url":"https://app.reqres.in/upgrade"},"context":"legacy_success"}} 
 </msg>
<msg time="2026-07-08T04:44:03.193181" level="INFO">C:\Users\eduar\robotframework-lab\venv\Lib\site-packages\urllib3\connectionpool.py:1110: InsecureRequestWarning: Unverified HTTPS request is being made to host 'reqres.in'. Adding certificate verification is strongly advised. See: https://urllib3.readthedocs.io/en/latest/advanced-usage.html#tls-warnings
  warnings.warn(</msg>
<msg time="2026-07-08T04:44:03.193303" level="INFO">${response} = &lt;Response [201]&gt;</msg>
<var>${response}</var>
<arg>reqres</arg>
<arg>/users</arg>
<arg>json=${payload}</arg>
<doc>Sends a POST request on a previously created HTTP Session.</doc>
<status status="PASS" start="2026-07-08T04:44:02.733829" elapsed="0.459495"/>
</kw>
<kw name="Status Should Be" owner="RequestsLibrary">
<arg>201</arg>
<arg>${response}</arg>
<doc>Fails if response status code is different than the expected.</doc>
<status status="PASS" start="2026-07-08T04:44:03.193449" elapsed="0.000157"/>
</kw>
<kw name="Should Be Equal" owner="BuiltIn">
<arg>${response.json()}[name]</arg>
<arg>Carlos</arg>
<doc>Fails if the given objects are unequal.</doc>
<status status="PASS" start="2026-07-08T04:44:03.193690" elapsed="0.000569"/>
</kw>
<status status="PASS" start="2026-07-08T04:44:02.732396" elapsed="0.461956"/>
</test>
<test id="s1-s1-s1-t3" name="Obtener Usuario Inexistente" line="26">
<kw name="Create Dictionary" owner="BuiltIn">
<msg time="2026-07-08T04:44:03.195004" level="INFO">&amp;{headers} = { x-api-key=free_user_3GDPRcTBN35d29H0jjuAAP3746c }</msg>
<var>&amp;{headers}</var>
<arg>x-api-key=${API_KEY}</arg>
<doc>Creates and returns a dictionary based on the given ``items``.</doc>
<status status="PASS" start="2026-07-08T04:44:03.194727" elapsed="0.000296"/>
</kw>
<kw name="Create Session" owner="RequestsLibrary">
<msg time="2026-07-08T04:44:03.195209" level="INFO">Creating Session using : alias=reqres, url=https://reqres.in/api, headers={'x-api-key': 'free_user_3GDPRcTBN35d29H0jjuAAP3746c'},                     cookies={}, auth=None, timeout=None, proxies=None, verify=False,                     debug=0 </msg>
<arg>reqres</arg>
<arg>${BASE_URL}</arg>
<arg>headers=${headers}</arg>
<doc>Create Session: create a HTTP session to a server</doc>
<status status="PASS" start="2026-07-08T04:44:03.195088" elapsed="0.000224"/>
</kw>
<kw name="GET On Session" owner="RequestsLibrary">
<msg time="2026-07-08T04:44:03.648513" level="INFO">GET Request : url=https://reqres.in/api/unknown/999 
 path_url=/api/unknown/999 
 headers={'User-Agent': 'python-requests/2.34.2', 'Accept-Encoding': 'gzip, deflate', 'Accept': '*/*', 'Connection': 'keep-alive', 'x-api-key': 'free_user_3GDPRcTBN35d29H0jjuAAP3746c'} 
 body=None 
 </msg>
<msg time="2026-07-08T04:44:03.648657" level="INFO">GET Response : url=https://reqres.in/api/unknown/999 
 status=404, reason=Not Found 
 headers={'Date': 'Wed, 08 Jul 2026 09:44:03 GMT', 'Content-Type': 'application/json; charset=utf-8', 'Content-Length': '2', 'Connection': 'keep-alive', 'Access-Control-Allow-Origin': '*', 'Cache-Control': 'no-store', 'Cross-Origin-Opener-Policy': 'same-origin', 'Cross-Origin-Resource-Policy': 'same-origin', 'Etag': 'W/"2-vyGp6PvFo4RvsFtPoIWeCReyIC8"', 'Nel': '{"report_to":"heroku-nel","response_headers":["Via"],"max_age":3600,"success_fraction":0.01,"failure_fraction":0.1}', 'Origin-Agent-Cluster': '?1', 'Ratelimit-Limit': '100', 'Ratelimit-Policy': '100;w=60', 'Ratelimit-Remaining': '99', 'Ratelimit-Reset': '60', 'Referrer-Policy': 'strict-origin-when-cross-origin', 'Report-To': '{"group":"heroku-nel","endpoints":[{"url":"https://nel.heroku.com/reports?s=Z1B2%2BNS2Zm2y%2B8o81UOd6UpsmZfFu0fzIjMfhMmu25o%3D\\u0026sid=c4c9725f-1ab0-44d8-820f-430df2718e11\\u0026ts=1783503843"}],"max_age":3600}', 'Reporting-Endpoints': 'heroku-nel="https://nel.heroku.com/reports?s=Z1B2%2BNS2Zm2y%2B8o81UOd6UpsmZfFu0fzIjMfhMmu25o%3D&amp;sid=c4c9725f-1ab0-44d8-820f-430df2718e11&amp;ts=1783503843"', 'Server': 'cloudflare', 'Strict-Transport-Security': 'max-age=31536000; includeSubDomains', 'Via': '1.1 heroku-router', 'X-Content-Type-Options': 'nosniff', 'X-Dns-Prefetch-Control': 'off', 'X-Download-Options': 'noopen', 'X-Frame-Options': 'DENY', 'X-Permitted-Cross-Domain-Policies': 'none', 'X-Powered-By': 'ReqRes.in - Deploy backends in 30 seconds', 'X-Ratelimit-Limit': '250', 'X-Ratelimit-Remaining': '243', 'X-Ratelimit-Reset': '1783555200', 'X-Reqres-Docs': 'https://reqres.in', 'X-Reqres-Message': 'This API is powered by ReqRes. Deploy your own backend in 30 seconds!', 'X-Reqres-Templates': 'https://app.reqres.in/templates', 'X-Reqres-Tip': 'Create your own backend with persistent data - app.reqres.in/dashboard', 'X-Reqres-Trial': 'true', 'X-Reqres-Trial-Days-Remaining': '14', 'X-Reqres-Trial-Expires': '2026-07-22T09:32:39.742Z', 'X-Reqres-Upgrade': 'https://app.reqres.in/upgrade', 'X-Request-Id': 'fbe5b3ab-b670-08c2-5286-e6152eabdb6a', 'X-Robots-Tag': 'noindex, nofollow', 'X-Xss-Protection': '0', 'Cf-Cache-Status': 'BYPASS', 'CF-RAY': 'a17e25ee8ac6d7b3-MIA'} 
 body={} 
 </msg>
<msg time="2026-07-08T04:44:03.648929" level="INFO">C:\Users\eduar\robotframework-lab\venv\Lib\site-packages\urllib3\connectionpool.py:1110: InsecureRequestWarning: Unverified HTTPS request is being made to host 'reqres.in'. Adding certificate verification is strongly advised. See: https://urllib3.readthedocs.io/en/latest/advanced-usage.html#tls-warnings
  warnings.warn(</msg>
<msg time="2026-07-08T04:44:03.649124" level="INFO">${response} = &lt;Response [404]&gt;</msg>
<var>${response}</var>
<arg>reqres</arg>
<arg>url=/unknown/999</arg>
<arg>expected_status=404</arg>
<doc>Sends a GET request on a previously created HTTP Session.</doc>
<status status="PASS" start="2026-07-08T04:44:03.195379" elapsed="0.453775"/>
</kw>
<kw name="Status Should Be" owner="RequestsLibrary">
<arg>404</arg>
<arg>${response}</arg>
<doc>Fails if response status code is different than the expected.</doc>
<status status="PASS" start="2026-07-08T04:44:03.649325" elapsed="0.000208"/>
</kw>
<status status="PASS" start="2026-07-08T04:44:03.194514" elapsed="0.455129"/>
</test>
<status status="PASS" start="2026-07-08T04:44:02.131000" elapsed="1.412000"/>
</suite>
<status status="PASS" start="2026-07-08T04:44:02.130000" elapsed="1.412000"/>
</suite>
<suite id="s1-s2" name="Ui" source="C:\Users\eduar\robotframework-lab\ui">
<suite id="s1-s2-s1" name="04 Login" source="C:\Users\eduar\robotframework-lab\ui\04_login.robot">
<test id="s1-s2-s1-t1" name="Login Exitoso Con Usuario Valido" line="10">
<kw name="Abrir Sitio Swag Labs">
<kw name="Open Browser" owner="SeleniumLibrary">
<msg time="2026-07-08T04:44:02.391144" level="INFO">Opening browser 'chrome' to base url 'https://www.saucedemo.com'.</msg>
<arg>${URL}</arg>
<arg>${BROWSER}</arg>
<doc>Opens a new browser instance to the optional ``url``.</doc>
<status status="PASS" start="2026-07-08T04:44:02.390936" elapsed="1.973029"/>
</kw>
<kw name="Maximize Browser Window" owner="SeleniumLibrary">
<doc>Maximizes current browser window.</doc>
<status status="PASS" start="2026-07-08T04:44:04.364472" elapsed="0.039283"/>
</kw>
<status status="PASS" start="2026-07-08T04:44:02.390356" elapsed="2.013626"/>
</kw>
<kw name="Iniciar Sesion">
<kw name="Input Text" owner="SeleniumLibrary">
<msg time="2026-07-08T04:44:04.406497" level="INFO">Typing text 'standard_user' into text field 'id:user-name'.</msg>
<arg>id:user-name</arg>
<arg>${usuario}</arg>
<doc>Types the given ``text`` into the text field identified by ``locator``.</doc>
<status status="PASS" start="2026-07-08T04:44:04.405644" elapsed="0.235380"/>
</kw>
<kw name="Input Password" owner="SeleniumLibrary">
<msg time="2026-07-08T04:44:04.641659" level="INFO">Typing password into text field 'id:password'.</msg>
<msg time="2026-07-08T04:44:04.690019" level="INFO">Temporally setting log level to: NONE</msg>
<arg>id:password</arg>
<arg>${clave}</arg>
<doc>Types the given password into the text field identified by ``locator``.</doc>
<status status="PASS" start="2026-07-08T04:44:04.641260" elapsed="0.111400"/>
</kw>
<kw name="Click Button" owner="SeleniumLibrary">
<msg time="2026-07-08T04:44:04.753318" level="INFO">Clicking button 'id:login-button'.</msg>
<arg>id:login-button</arg>
<doc>Clicks the button identified by ``locator``.</doc>
<status status="PASS" start="2026-07-08T04:44:04.752920" elapsed="0.180757"/>
</kw>
<arg>standard_user</arg>
<arg>secret_sauce</arg>
<status status="PASS" start="2026-07-08T04:44:04.405018" elapsed="0.528825"/>
</kw>
<kw name="Verificar Login Exitoso">
<kw name="Wait Until Page Contains" owner="SeleniumLibrary">
<arg>Products</arg>
<arg>timeout=5s</arg>
<doc>Waits until ``text`` appears on the current page.</doc>
<status status="PASS" start="2026-07-08T04:44:04.934499" elapsed="0.019600"/>
</kw>
<status status="PASS" start="2026-07-08T04:44:04.934120" elapsed="0.020166"/>
</kw>
<kw name="Close Browser" owner="SeleniumLibrary" type="TEARDOWN">
<doc>Closes the current browser.</doc>
<status status="PASS" start="2026-07-08T04:44:04.954627" elapsed="2.228848"/>
</kw>
<status status="PASS" start="2026-07-08T04:44:02.389832" elapsed="4.793821"/>
</test>
<test id="s1-s2-s1-t2" name="Login Fallido Con Usuario Bloqueado" line="16">
<kw name="Abrir Sitio Swag Labs">
<kw name="Open Browser" owner="SeleniumLibrary">
<msg time="2026-07-08T04:44:07.184955" level="INFO">Opening browser 'chrome' to base url 'https://www.saucedemo.com'.</msg>
<arg>${URL}</arg>
<arg>${BROWSER}</arg>
<doc>Opens a new browser instance to the optional ``url``.</doc>
<status status="PASS" start="2026-07-08T04:44:07.184737" elapsed="1.241340"/>
</kw>
<kw name="Maximize Browser Window" owner="SeleniumLibrary">
<doc>Maximizes current browser window.</doc>
<status status="PASS" start="2026-07-08T04:44:08.426302" elapsed="0.033270"/>
</kw>
<status status="PASS" start="2026-07-08T04:44:07.184463" elapsed="1.275210"/>
</kw>
<kw name="Iniciar Sesion">
<kw name="Input Text" owner="SeleniumLibrary">
<msg time="2026-07-08T04:44:08.460363" level="INFO">Typing text 'locked_out_user' into text field 'id:user-name'.</msg>
<arg>id:user-name</arg>
<arg>${usuario}</arg>
<doc>Types the given ``text`` into the text field identified by ``locator``.</doc>
<status status="PASS" start="2026-07-08T04:44:08.460128" elapsed="0.113879"/>
</kw>
<kw name="Input Password" owner="SeleniumLibrary">
<msg time="2026-07-08T04:44:08.574572" level="INFO">Typing password into text field 'id:password'.</msg>
<msg time="2026-07-08T04:44:08.601644" level="INFO">Temporally setting log level to: NONE</msg>
<arg>id:password</arg>
<arg>${clave}</arg>
<doc>Types the given password into the text field identified by ``locator``.</doc>
<status status="PASS" start="2026-07-08T04:44:08.574236" elapsed="0.082245"/>
</kw>
<kw name="Click Button" owner="SeleniumLibrary">
<msg time="2026-07-08T04:44:08.657014" level="INFO">Clicking button 'id:login-button'.</msg>
<arg>id:login-button</arg>
<doc>Clicks the button identified by ``locator``.</doc>
<status status="PASS" start="2026-07-08T04:44:08.656714" elapsed="0.091264"/>
</kw>
<arg>locked_out_user</arg>
<arg>secret_sauce</arg>
<status status="PASS" start="2026-07-08T04:44:08.459843" elapsed="0.288341"/>
</kw>
<kw name="Verificar Mensaje De Error">
<kw name="Element Should Be Visible" owner="SeleniumLibrary">
<msg time="2026-07-08T04:44:08.777471" level="INFO">Element 'css:h3[data-test='error']' is displayed.</msg>
<arg>css:h3[data-test='error']</arg>
<doc>Verifies that the element identified by ``locator`` is visible.</doc>
<status status="PASS" start="2026-07-08T04:44:08.748797" elapsed="0.028771"/>
</kw>
<status status="PASS" start="2026-07-08T04:44:08.748425" elapsed="0.029229"/>
</kw>
<kw name="Close Browser" owner="SeleniumLibrary" type="TEARDOWN">
<doc>Closes the current browser.</doc>
<status status="PASS" start="2026-07-08T04:44:08.777864" elapsed="2.233994"/>
</kw>
<status status="PASS" start="2026-07-08T04:44:07.184081" elapsed="3.828005"/>
</test>
<status status="PASS" start="2026-07-08T04:44:02.131620" elapsed="8.881676"/>
</suite>
<suite id="s1-s2-s2" name="05 Login Ddt" source="C:\Users\eduar\robotframework-lab\ui\05_login_ddt.robot">
<kw name="Open Browser" owner="SeleniumLibrary" type="SETUP">
<msg time="2026-07-08T04:44:04.917799" level="INFO">Opening browser 'chrome' to base url 'https://www.saucedemo.com'.</msg>
<arg>https://www.saucedemo.com</arg>
<arg>chrome</arg>
<doc>Opens a new browser instance to the optional ``url``.</doc>
<status status="PASS" start="2026-07-08T04:44:04.917269" elapsed="1.483741"/>
</kw>
<test id="s1-s2-s2-t1" name="Usuario estandar" line="9">
<kw name="Validar Intento De Login">
<kw name="Go To" owner="SeleniumLibrary">
<msg time="2026-07-08T04:44:06.403217" level="INFO">Opening url 'https://www.saucedemo.com'</msg>
<arg>https://www.saucedemo.com</arg>
<doc>Navigates the current browser window to the provided ``url``.</doc>
<status status="PASS" start="2026-07-08T04:44:06.403010" elapsed="0.036867"/>
</kw>
<kw name="Ingresar Credenciales">
<msg time="2026-07-08T04:44:06.442767" level="FAIL">No keyword with name 'Ingresar Credenciales' found.</msg>
<arg>${usuario}</arg>
<arg>${clave}</arg>
<status status="FAIL" start="2026-07-08T04:44:06.442656" elapsed="0.000188">No keyword with name 'Ingresar Credenciales' found.</status>
</kw>
<kw name="Run Keyword If" owner="BuiltIn">
<arg>'${resultado}' == 'exito'</arg>
<arg>Wait Until Page Contains</arg>
<arg>Products</arg>
<arg>ELSE</arg>
<arg>Element Should Be Visible</arg>
<arg>css:h3[data-test='error']</arg>
<doc>Runs the given keyword with the given arguments, if ``condition`` is true.</doc>
<status status="NOT RUN" start="2026-07-08T04:44:06.443121" elapsed="0.000046"/>
</kw>
<arg>standard_user</arg>
<arg>secret_sauce</arg>
<arg>exito</arg>
<status status="FAIL" start="2026-07-08T04:44:06.402511" elapsed="0.040838">No keyword with name 'Ingresar Credenciales' found.</status>
</kw>
<status status="FAIL" start="2026-07-08T04:44:06.401459" elapsed="0.042172">No keyword with name 'Ingresar Credenciales' found.</status>
</test>
<test id="s1-s2-s2-t2" name="Usuario bloqueado" line="10">
<kw name="Validar Intento De Login">
<kw name="Go To" owner="SeleniumLibrary">
<msg time="2026-07-08T04:44:06.445381" level="INFO">Opening url 'https://www.saucedemo.com'</msg>
<arg>https://www.saucedemo.com</arg>
<doc>Navigates the current browser window to the provided ``url``.</doc>
<status status="PASS" start="2026-07-08T04:44:06.445085" elapsed="0.024137"/>
</kw>
<kw name="Ingresar Credenciales">
<msg time="2026-07-08T04:44:06.471244" level="FAIL">No keyword with name 'Ingresar Credenciales' found.</msg>
<arg>${usuario}</arg>
<arg>${clave}</arg>
<status status="FAIL" start="2026-07-08T04:44:06.471169" elapsed="0.000152">No keyword with name 'Ingresar Credenciales' found.</status>
</kw>
<kw name="Run Keyword If" owner="BuiltIn">
<arg>'${resultado}' == 'exito'</arg>
<arg>Wait Until Page Contains</arg>
<arg>Products</arg>
<arg>ELSE</arg>
<arg>Element Should Be Visible</arg>
<arg>css:h3[data-test='error']</arg>
<doc>Runs the given keyword with the given arguments, if ``condition`` is true.</doc>
<status status="NOT RUN" start="2026-07-08T04:44:06.471509" elapsed="0.000038"/>
</kw>
<arg>locked_out_user</arg>
<arg>secret_sauce</arg>
<arg>error</arg>
<status status="FAIL" start="2026-07-08T04:44:06.444565" elapsed="0.027129">No keyword with name 'Ingresar Credenciales' found.</status>
</kw>
<status status="FAIL" start="2026-07-08T04:44:06.444066" elapsed="0.027811">No keyword with name 'Ingresar Credenciales' found.</status>
</test>
<test id="s1-s2-s2-t3" name="Clave incorrecta" line="11">
<kw name="Validar Intento De Login">
<kw name="Go To" owner="SeleniumLibrary">
<msg time="2026-07-08T04:44:06.472896" level="INFO">Opening url 'https://www.saucedemo.com'</msg>
<arg>https://www.saucedemo.com</arg>
<doc>Navigates the current browser window to the provided ``url``.</doc>
<status status="PASS" start="2026-07-08T04:44:06.472780" elapsed="0.023573"/>
</kw>
<kw name="Ingresar Credenciales">
<msg time="2026-07-08T04:44:06.498342" level="FAIL">No keyword with name 'Ingresar Credenciales' found.</msg>
<arg>${usuario}</arg>
<arg>${clave}</arg>
<status status="FAIL" start="2026-07-08T04:44:06.498270" elapsed="0.000122">No keyword with name 'Ingresar Credenciales' found.</status>
</kw>
<kw name="Run Keyword If" owner="BuiltIn">
<arg>'${resultado}' == 'exito'</arg>
<arg>Wait Until Page Contains</arg>
<arg>Products</arg>
<arg>ELSE</arg>
<arg>Element Should Be Visible</arg>
<arg>css:h3[data-test='error']</arg>
<doc>Runs the given keyword with the given arguments, if ``condition`` is true.</doc>
<status status="NOT RUN" start="2026-07-08T04:44:06.498599" elapsed="0.000043"/>
</kw>
<arg>standard_user</arg>
<arg>clave_invalida</arg>
<arg>error</arg>
<status status="FAIL" start="2026-07-08T04:44:06.472470" elapsed="0.026335">No keyword with name 'Ingresar Credenciales' found.</status>
</kw>
<status status="FAIL" start="2026-07-08T04:44:06.472113" elapsed="0.026904">No keyword with name 'Ingresar Credenciales' found.</status>
</test>
<test id="s1-s2-s2-t4" name="Usuario vacio" line="12">
<kw name="Validar Intento De Login">
<kw name="Go To" owner="SeleniumLibrary">
<msg time="2026-07-08T04:44:06.500171" level="INFO">Opening url 'https://www.saucedemo.com'</msg>
<arg>https://www.saucedemo.com</arg>
<doc>Navigates the current browser window to the provided ``url``.</doc>
<status status="PASS" start="2026-07-08T04:44:06.500060" elapsed="0.032465"/>
</kw>
<kw name="Ingresar Credenciales">
<msg time="2026-07-08T04:44:06.535424" level="FAIL">No keyword with name 'Ingresar Credenciales' found.</msg>
<arg>${usuario}</arg>
<arg>${clave}</arg>
<status status="FAIL" start="2026-07-08T04:44:06.535320" elapsed="0.000167">No keyword with name 'Ingresar Credenciales' found.</status>
</kw>
<kw name="Run Keyword If" owner="BuiltIn">
<arg>'${resultado}' == 'exito'</arg>
<arg>Wait Until Page Contains</arg>
<arg>Products</arg>
<arg>ELSE</arg>
<arg>Element Should Be Visible</arg>
<arg>css:h3[data-test='error']</arg>
<doc>Runs the given keyword with the given arguments, if ``condition`` is true.</doc>
<status status="NOT RUN" start="2026-07-08T04:44:06.535713" elapsed="0.000040"/>
</kw>
<arg>${EMPTY}</arg>
<arg>secret_sauce</arg>
<arg>error</arg>
<status status="FAIL" start="2026-07-08T04:44:06.499574" elapsed="0.036339">No keyword with name 'Ingresar Credenciales' found.</status>
</kw>
<status status="FAIL" start="2026-07-08T04:44:06.499297" elapsed="0.036916">No keyword with name 'Ingresar Credenciales' found.</status>
</test>
<kw name="Close Browser" owner="SeleniumLibrary" type="TEARDOWN">
<doc>Closes the current browser.</doc>
<status status="PASS" start="2026-07-08T04:44:06.537141" elapsed="2.247344"/>
</kw>
<status status="FAIL" start="2026-07-08T04:44:04.468981" elapsed="4.315694"/>
</suite>
<status status="FAIL" start="2026-07-08T04:44:02.130000" elapsed="13.197000"/>
</suite>
<status status="FAIL" start="2026-07-08T04:44:02.098000" elapsed="8.917000"/>
</suite>
<statistics>
<total>
<stat pass="5" fail="4" skip="0">All Tests</stat>
</total>
<tag>
</tag>
<suite>
<stat name="Suites" id="s1" pass="5" fail="4" skip="0">Suites</stat>
<stat name="Api" id="s1-s1" pass="3" fail="0" skip="0">Suites.Api</stat>
<stat name="06 Api Tests" id="s1-s1-s1" pass="3" fail="0" skip="0">Suites.Api.06 Api Tests</stat>
<stat name="Ui" id="s1-s2" pass="2" fail="4" skip="0">Suites.Ui</stat>
<stat name="04 Login" id="s1-s2-s1" pass="2" fail="0" skip="0">Suites.Ui.04 Login</stat>
<stat name="05 Login Ddt" id="s1-s2-s2" pass="0" fail="4" skip="0">Suites.Ui.05 Login Ddt</stat>
</suite>
</statistics>
<errors>
<msg time="2026-07-08T04:44:04.915416" level="ERROR">Error in file 'C:\Users\eduar\robotframework-lab\ui\05_login_ddt.robot' on line 3: Resource file 'login_page.resource' does not exist.</msg>
</errors>
</robot>
